#
# There is insufficient memory for the Java Runtime Environment to continue.
# Native memory allocation (malloc) failed to allocate 1205136 bytes for Chunk::new
# Possible reasons:
#   The system is out of physical RAM or swap space
#   The process is running with CompressedOops enabled, and the Java Heap may be blocking the growth of the native heap
# Possible solutions:
#   Reduce memory load on the system
#   Increase physical memory or swap space
#   Check if swap backing store is full
#   Decrease Java heap size (-Xmx/-Xms)
#   Decrease number of Java threads
#   Decrease Java thread stack sizes (-Xss)
#   Set larger code cache with -XX:ReservedCodeCacheSize=
#   JVM is running with Unscaled Compressed Oops mode in which the Java heap is
#     placed in the first 4GB address space. The Java Heap base address is the
#     maximum limit for the native heap growth. Please use -XX:HeapBaseMinAddress
#     to set the Java Heap base and to place the Java Heap above 4GB virtual address.
# This output file may be truncated or incomplete.
#
#  Out of Memory Error (arena.cpp:189), pid=8160, tid=7460
#
# JRE version: Java(TM) SE Runtime Environment (17.0.5+9) (build 17.0.5+9-LTS-191)
# Java VM: Java HotSpot(TM) 64-Bit Server VM (17.0.5+9-LTS-191, mixed mode, sharing, tiered, compressed oops, compressed class ptrs, g1 gc, windows-amd64)
# No core dump will be written. Minidumps are not enabled by default on client versions of Windows
#

---------------  S U M M A R Y ------------

Command Line: -javaagent:C:\Program Files\JetBrains\IntelliJ IDEA Community Edition 2022.2.3\lib\idea_rt.jar=49199:C:\Program Files\JetBrains\IntelliJ IDEA Community Edition 2022.2.3\bin -Dfile.encoding=UTF-8 forum.AppKt

Host: Intel(R) Core(TM) i5-10210U CPU @ 1.60GHz, 8 cores, 7G,  Windows 10 , 64 bit Build 19041 (10.0.19041.2251)
Time: Mon Dec  5 18:02:48 2022 RTZ 2 (s 10 , 64 bit Build 19041 (10.0.19041.2251) elapsed time: 2242.277197 seconds (0d 0h 37m 22s)

---------------  T H R E A D  ---------------

Current thread (0x00000258ffabddb0):  JavaThread "C2 CompilerThread0" daemon [_thread_in_native, id=7460, stack(0x000000942dc00000,0x000000942dd00000)]


Current CompileTask:
C2:2242277 10684       4       ch.qos.logback.classic.spi.StackTraceElementProxy::getSTEAsString (41 bytes)

Stack: [0x000000942dc00000,0x000000942dd00000]
Native frames: (J=compiled Java code, j=interpreted, Vv=VM code, C=native code)
V  [jvm.dll+0x672eea]
V  [jvm.dll+0x7d2a04]
V  [jvm.dll+0x7d41ae]
V  [jvm.dll+0x7d4813]
V  [jvm.dll+0x242c15]
V  [jvm.dll+0xaa57b]
V  [jvm.dll+0xaab0c]
V  [jvm.dll+0x35ff42]
V  [jvm.dll+0x32a631]
V  [jvm.dll+0x329ada]
V  [jvm.dll+0x215cc1]
V  [jvm.dll+0x2150e1]
V  [jvm.dll+0x1a18ed]
V  [jvm.dll+0x22493a]
V  [jvm.dll+0x222aa5]
V  [jvm.dll+0x7885db]
V  [jvm.dll+0x782b4a]
V  [jvm.dll+0x671d75]
C  [ucrtbase.dll+0x21bb2]
C  [KERNEL32.DLL+0x174b4]
C  [ntdll.dll+0x526a1]


---------------  P R O C E S S  ---------------

Threads class SMR info:
_java_thread_list=0x000002589e3e4400, length=28, elements={
0x00000258ffa9d360, 0x00000258ffa9ee90, 0x00000258ffab6f30, 0x00000258ffab9900,
0x00000258ffaba960, 0x00000258ffabb9c0, 0x00000258ffabddb0, 0x00000258ffac4470,
0x00000258ffac5510, 0x00000258ffa86990, 0x000002589b1ac180, 0x000002589b270240,
0x000002589e5c53c0, 0x000002589ca66030, 0x000002589c5a8800, 0x000002589e2db190,
0x000002589e2db660, 0x000002589e16ba30, 0x000002589dfd77f0, 0x000002589dfd99a0,
0x000002589dfd94d0, 0x000002589dfd9e70, 0x000002589dfd7320, 0x000002589dfda340,
0x000002589dfd7cc0, 0x000002589dfd6980, 0x000002589dfd6e50, 0x000002589dfd8190
}

Java Threads: ( => current thread )
  0x00000258ffa9d360 JavaThread "Reference Handler" daemon [_thread_blocked, id=12092, stack(0x000000942d600000,0x000000942d700000)]
  0x00000258ffa9ee90 JavaThread "Finalizer" daemon [_thread_blocked, id=5236, stack(0x000000942d700000,0x000000942d800000)]
  0x00000258ffab6f30 JavaThread "Signal Dispatcher" daemon [_thread_blocked, id=5992, stack(0x000000942d800000,0x000000942d900000)]
  0x00000258ffab9900 JavaThread "Attach Listener" daemon [_thread_blocked, id=5124, stack(0x000000942d900000,0x000000942da00000)]
  0x00000258ffaba960 JavaThread "Service Thread" daemon [_thread_blocked, id=7040, stack(0x000000942da00000,0x000000942db00000)]
  0x00000258ffabb9c0 JavaThread "Monitor Deflation Thread" daemon [_thread_blocked, id=7400, stack(0x000000942db00000,0x000000942dc00000)]
=>0x00000258ffabddb0 JavaThread "C2 CompilerThread0" daemon [_thread_in_native, id=7460, stack(0x000000942dc00000,0x000000942dd00000)]
  0x00000258ffac4470 JavaThread "C1 CompilerThread0" daemon [_thread_blocked, id=7724, stack(0x000000942dd00000,0x000000942de00000)]
  0x00000258ffac5510 JavaThread "Sweeper thread" daemon [_thread_blocked, id=3732, stack(0x000000942de00000,0x000000942df00000)]
  0x00000258ffa86990 JavaThread "Common-Cleaner" daemon [_thread_blocked, id=12108, stack(0x000000942df00000,0x000000942e000000)]
  0x000002589b1ac180 JavaThread "Monitor Ctrl-Break" daemon [_thread_in_native, id=6568, stack(0x000000942e000000,0x000000942e100000)]
  0x000002589b270240 JavaThread "Notification Thread" daemon [_thread_blocked, id=2196, stack(0x000000942e100000,0x000000942e200000)]
  0x000002589e5c53c0 JavaThread "Catalina-utility-1" [_thread_blocked, id=13128, stack(0x000000942ed00000,0x000000942ee00000)]
  0x000002589ca66030 JavaThread "Catalina-utility-2" [_thread_blocked, id=13140, stack(0x000000942ee00000,0x000000942ef00000)]
  0x000002589c5a8800 JavaThread "container-0" [_thread_blocked, id=13132, stack(0x000000942ef00000,0x000000942f000000)]
  0x000002589e2db190 JavaThread "http-nio-8080-exec-1" daemon [_thread_blocked, id=13116, stack(0x000000942f000000,0x000000942f100000)]
  0x000002589e2db660 JavaThread "http-nio-8080-exec-2" daemon [_thread_blocked, id=13100, stack(0x000000942f100000,0x000000942f200000)]
  0x000002589e16ba30 JavaThread "http-nio-8080-exec-3" daemon [_thread_blocked, id=13124, stack(0x000000942f200000,0x000000942f300000)]
  0x000002589dfd77f0 JavaThread "http-nio-8080-exec-4" daemon [_thread_in_native, id=13084, stack(0x000000942f300000,0x000000942f400000)]
  0x000002589dfd99a0 JavaThread "http-nio-8080-exec-5" daemon [_thread_blocked, id=1332, stack(0x000000942f400000,0x000000942f500000)]
  0x000002589dfd94d0 JavaThread "http-nio-8080-exec-6" daemon [_thread_blocked, id=8600, stack(0x000000942f500000,0x000000942f600000)]
  0x000002589dfd9e70 JavaThread "http-nio-8080-exec-7" daemon [_thread_blocked, id=10572, stack(0x000000942f600000,0x000000942f700000)]
  0x000002589dfd7320 JavaThread "http-nio-8080-exec-8" daemon [_thread_blocked, id=10216, stack(0x000000942f700000,0x000000942f800000)]
  0x000002589dfda340 JavaThread "http-nio-8080-exec-9" daemon [_thread_blocked, id=10612, stack(0x000000942f800000,0x000000942f900000)]
  0x000002589dfd7cc0 JavaThread "http-nio-8080-exec-10" daemon [_thread_blocked, id=8864, stack(0x000000942f900000,0x000000942fa00000)]
  0x000002589dfd6980 JavaThread "http-nio-8080-Poller" daemon [_thread_in_native, id=10564, stack(0x000000942fa00000,0x000000942fb00000)]
  0x000002589dfd6e50 JavaThread "http-nio-8080-Acceptor" daemon [_thread_in_native, id=8872, stack(0x000000942fb00000,0x000000942fc00000)]
  0x000002589dfd8190 JavaThread "DestroyJavaVM" [_thread_blocked, id=7372, stack(0x000000942cf00000,0x000000942d000000)]

Other Threads:
  0x00000258ffa957e0 VMThread "VM Thread" [stack: 0x000000942d500000,0x000000942d600000] [id=7564]
  0x000002589b1ac650 WatcherThread [stack: 0x000000942e200000,0x000000942e300000] [id=8108]
  0x00000258fa256590 GCTaskThread "GC Thread#0" [stack: 0x000000942d000000,0x000000942d100000] [id=7748]
  0x000002589baa7b70 GCTaskThread "GC Thread#1" [stack: 0x000000942e300000,0x000000942e400000] [id=2200]
  0x000002589bab7820 GCTaskThread "GC Thread#2" [stack: 0x000000942e400000,0x000000942e500000] [id=7868]
  0x000002589ba48d30 GCTaskThread "GC Thread#3" [stack: 0x000000942e500000,0x000000942e600000] [id=7940]
  0x000002589b9eca30 GCTaskThread "GC Thread#4" [stack: 0x000000942e600000,0x000000942e700000] [id=12112]
  0x000002589b9c4070 GCTaskThread "GC Thread#5" [stack: 0x000000942e700000,0x000000942e800000] [id=12776]
  0x000002589b9c4320 GCTaskThread "GC Thread#6" [stack: 0x000000942e800000,0x000000942e900000] [id=12536]
  0x000002589c382950 GCTaskThread "GC Thread#7" [stack: 0x000000942eb00000,0x000000942ec00000] [id=12948]
  0x00000258fa266e60 ConcurrentGCThread "G1 Main Marker" [stack: 0x000000942d100000,0x000000942d200000] [id=7344]
  0x00000258fa267f20 ConcurrentGCThread "G1 Conc#0" [stack: 0x000000942d200000,0x000000942d300000] [id=7560]
  0x000002589c9f3450 ConcurrentGCThread "G1 Conc#1" [stack: 0x000000942ec00000,0x000000942ed00000] [id=13120]
  0x00000258fa2cd470 ConcurrentGCThread "G1 Refine#0" [stack: 0x000000942d300000,0x000000942d400000] [id=8144]
  0x000002589bab7ad0 ConcurrentGCThread "G1 Refine#1" [stack: 0x000000942e900000,0x000000942ea00000] [id=3300]
  0x00000258fa2cdda0 ConcurrentGCThread "G1 Service" [stack: 0x000000942d400000,0x000000942d500000] [id=5780]

Threads with active compile tasks:
C2 CompilerThread0  2242303 10684       4       ch.qos.logback.classic.spi.StackTraceElementProxy::getSTEAsString (41 bytes)

VM state: not at safepoint (normal execution)

VM Mutex/Monitor currently owned by a thread: None

Heap address: 0x0000000082c00000, size: 2004 MB, Compressed Oops mode: 32-bit

CDS archive(s) mapped at: [0x0000000800000000-0x0000000800bd0000-0x0000000800bd0000), size 12386304, SharedBaseAddress: 0x0000000800000000, ArchiveRelocationMode: 0.
Compressed class space mapped at: 0x0000000800c00000-0x0000000840c00000, reserved size: 1073741824
Narrow klass base: 0x0000000800000000, Narrow klass shift: 0, Narrow klass range: 0x100000000

GC Precious Log:
 CPUs: 8 total, 8 available
 Memory: 8013M
 Large Page Support: Disabled
 NUMA Support: Disabled
 Compressed Oops: Enabled (32-bit)
 Heap Region Size: 1M
 Heap Min Capacity: 8M
 Heap Initial Capacity: 126M
 Heap Max Capacity: 2004M
 Pre-touch: Disabled
 Parallel Workers: 8
 Concurrent Workers: 2
 Concurrent Refinement Workers: 8
 Periodic GC: Disabled

Heap:
 garbage-first heap   total 201728K, used 102084K [0x0000000082c00000, 0x0000000100000000)
  region size 1024K, 8 young (8192K), 1 survivors (1024K)
 Metaspace       used 44870K, committed 45184K, reserved 1089536K
  class space    used 4899K, committed 5056K, reserved 1048576K

Heap Regions: E=young(eden), S=young(survivor), O=old, HS=humongous(starts), HC=humongous(continues), CS=collection set, F=free, OA=open archive, CA=closed archive, TAMS=top-at-mark-start (previous, next)
|   0|0x0000000082c00000, 0x0000000082d00000, 0x0000000082d00000|100%| O|  |TAMS 0x0000000082d00000, 0x0000000082c00000| Untracked 
|   1|0x0000000082d00000, 0x0000000082e00000, 0x0000000082e00000|100%| O|  |TAMS 0x0000000082e00000, 0x0000000082d00000| Untracked 
|   2|0x0000000082e00000, 0x0000000082f00000, 0x0000000082f00000|100%| O|  |TAMS 0x0000000082f00000, 0x0000000082e00000| Untracked 
|   3|0x0000000082f00000, 0x0000000083000000, 0x0000000083000000|100%| O|  |TAMS 0x0000000083000000, 0x0000000082f00000| Untracked 
|   4|0x0000000083000000, 0x0000000083100000, 0x0000000083100000|100%| O|  |TAMS 0x0000000083100000, 0x0000000083000000| Untracked 
|   5|0x0000000083100000, 0x0000000083200000, 0x0000000083200000|100%| O|  |TAMS 0x0000000083200000, 0x0000000083100000| Untracked 
|   6|0x0000000083200000, 0x0000000083300000, 0x0000000083300000|100%| O|  |TAMS 0x0000000083300000, 0x0000000083200000| Untracked 
|   7|0x0000000083300000, 0x0000000083400000, 0x0000000083400000|100%| O|  |TAMS 0x0000000083400000, 0x0000000083300000| Untracked 
|   8|0x0000000083400000, 0x0000000083500000, 0x0000000083500000|100%| O|  |TAMS 0x0000000083500000, 0x0000000083400000| Untracked 
|   9|0x0000000083500000, 0x0000000083600000, 0x0000000083600000|100%| O|  |TAMS 0x0000000083600000, 0x0000000083500000| Untracked 
|  10|0x0000000083600000, 0x0000000083700000, 0x0000000083700000|100%| O|  |TAMS 0x0000000083700000, 0x0000000083600000| Untracked 
|  11|0x0000000083700000, 0x0000000083800000, 0x0000000083800000|100%| O|  |TAMS 0x0000000083800000, 0x0000000083700000| Untracked 
|  12|0x0000000083800000, 0x0000000083900000, 0x0000000083900000|100%| O|  |TAMS 0x0000000083900000, 0x0000000083800000| Untracked 
|  13|0x0000000083900000, 0x0000000083a00000, 0x0000000083a00000|100%| O|  |TAMS 0x0000000083a00000, 0x0000000083900000| Untracked 
|  14|0x0000000083a00000, 0x0000000083b00000, 0x0000000083b00000|100%| O|  |TAMS 0x0000000083b00000, 0x0000000083a00000| Untracked 
|  15|0x0000000083b00000, 0x0000000083c00000, 0x0000000083c00000|100%| O|  |TAMS 0x0000000083b00000, 0x0000000083b00000| Untracked 
|  16|0x0000000083c00000, 0x0000000083d00000, 0x0000000083d00000|100%| O|  |TAMS 0x0000000083d00000, 0x0000000083c00000| Untracked 
|  17|0x0000000083d00000, 0x0000000083e00000, 0x0000000083e00000|100%| O|  |TAMS 0x0000000083e00000, 0x0000000083d00000| Untracked 
|  18|0x0000000083e00000, 0x0000000083f00000, 0x0000000083f00000|100%| O|  |TAMS 0x0000000083f00000, 0x0000000083e00000| Untracked 
|  19|0x0000000083f00000, 0x0000000084000000, 0x0000000084000000|100%| O|  |TAMS 0x0000000084000000, 0x0000000083f00000| Untracked 
|  20|0x0000000084000000, 0x0000000084100000, 0x0000000084100000|100%| O|  |TAMS 0x0000000084100000, 0x0000000084000000| Untracked 
|  21|0x0000000084100000, 0x0000000084200000, 0x0000000084200000|100%| O|  |TAMS 0x0000000084100000, 0x0000000084100000| Untracked 
|  22|0x0000000084200000, 0x0000000084300000, 0x0000000084300000|100%| O|  |TAMS 0x0000000084200000, 0x0000000084200000| Untracked 
|  23|0x0000000084300000, 0x0000000084400000, 0x0000000084400000|100%| O|  |TAMS 0x0000000084300000, 0x0000000084300000| Untracked 
|  24|0x0000000084400000, 0x0000000084500000, 0x0000000084500000|100%| O|  |TAMS 0x0000000084400000, 0x0000000084400000| Untracked 
|  25|0x0000000084500000, 0x0000000084600000, 0x0000000084600000|100%| O|  |TAMS 0x0000000084500000, 0x0000000084500000| Untracked 
|  26|0x0000000084600000, 0x0000000084700000, 0x0000000084700000|100%| O|  |TAMS 0x0000000084600000, 0x0000000084600000| Untracked 
|  27|0x0000000084700000, 0x0000000084800000, 0x0000000084800000|100%| O|  |TAMS 0x0000000084800000, 0x0000000084700000| Untracked 
|  28|0x0000000084800000, 0x0000000084900000, 0x0000000084900000|100%| O|  |TAMS 0x0000000084800000, 0x0000000084800000| Untracked 
|  29|0x0000000084900000, 0x0000000084a00000, 0x0000000084a00000|100%| O|  |TAMS 0x0000000084900000, 0x0000000084900000| Untracked 
|  30|0x0000000084a00000, 0x0000000084b00000, 0x0000000084b00000|100%| O|  |TAMS 0x0000000084a00000, 0x0000000084a00000| Untracked 
|  31|0x0000000084b00000, 0x0000000084c00000, 0x0000000084c00000|100%| O|  |TAMS 0x0000000084b00000, 0x0000000084b00000| Untracked 
|  32|0x0000000084c00000, 0x0000000084d00000, 0x0000000084d00000|100%| O|  |TAMS 0x0000000084c00000, 0x0000000084c00000| Untracked 
|  33|0x0000000084d00000, 0x0000000084e00000, 0x0000000084e00000|100%| O|  |TAMS 0x0000000084d00000, 0x0000000084d00000| Untracked 
|  34|0x0000000084e00000, 0x0000000084f00000, 0x0000000084f00000|100%| O|  |TAMS 0x0000000084e00000, 0x0000000084e00000| Untracked 
|  35|0x0000000084f00000, 0x0000000085000000, 0x0000000085000000|100%| O|  |TAMS 0x0000000084f00000, 0x0000000084f00000| Untracked 
|  36|0x0000000085000000, 0x0000000085100000, 0x0000000085100000|100%| O|  |TAMS 0x0000000085000000, 0x0000000085000000| Untracked 
|  37|0x0000000085100000, 0x0000000085200000, 0x0000000085200000|100%| O|  |TAMS 0x0000000085100000, 0x0000000085100000| Untracked 
|  38|0x0000000085200000, 0x0000000085300000, 0x0000000085300000|100%| O|  |TAMS 0x0000000085200000, 0x0000000085200000| Untracked 
|  39|0x0000000085300000, 0x0000000085400000, 0x0000000085400000|100%| O|  |TAMS 0x0000000085300000, 0x0000000085300000| Untracked 
|  40|0x0000000085400000, 0x0000000085500000, 0x0000000085500000|100%| O|  |TAMS 0x0000000085400000, 0x0000000085400000| Untracked 
|  41|0x0000000085500000, 0x0000000085600000, 0x0000000085600000|100%| O|  |TAMS 0x0000000085500000, 0x0000000085500000| Untracked 
|  42|0x0000000085600000, 0x0000000085700000, 0x0000000085700000|100%| O|  |TAMS 0x0000000085600000, 0x0000000085600000| Untracked 
|  43|0x0000000085700000, 0x0000000085800000, 0x0000000085800000|100%| O|  |TAMS 0x0000000085700000, 0x0000000085700000| Untracked 
|  44|0x0000000085800000, 0x0000000085900000, 0x0000000085900000|100%| O|  |TAMS 0x0000000085800000, 0x0000000085800000| Untracked 
|  45|0x0000000085900000, 0x0000000085a00000, 0x0000000085a00000|100%| O|  |TAMS 0x0000000085900000, 0x0000000085900000| Untracked 
|  46|0x0000000085a00000, 0x0000000085b00000, 0x0000000085b00000|100%| O|  |TAMS 0x0000000085a00000, 0x0000000085a00000| Untracked 
|  47|0x0000000085b00000, 0x0000000085c00000, 0x0000000085c00000|100%| O|  |TAMS 0x0000000085b00000, 0x0000000085b00000| Untracked 
|  48|0x0000000085c00000, 0x0000000085d00000, 0x0000000085d00000|100%| O|  |TAMS 0x0000000085c00000, 0x0000000085c00000| Untracked 
|  49|0x0000000085d00000, 0x0000000085e00000, 0x0000000085e00000|100%| O|  |TAMS 0x0000000085d00000, 0x0000000085d00000| Untracked 
|  50|0x0000000085e00000, 0x0000000085e82e00, 0x0000000085f00000| 51%| O|  |TAMS 0x0000000085e00000, 0x0000000085e00000| Untracked 
|  51|0x0000000085f00000, 0x0000000085f00000, 0x0000000086000000|  0%| F|  |TAMS 0x0000000085f00000, 0x0000000085f00000| Untracked 
|  52|0x0000000086000000, 0x0000000086000000, 0x0000000086100000|  0%| F|  |TAMS 0x0000000086000000, 0x0000000086000000| Untracked 
|  53|0x0000000086100000, 0x0000000086100000, 0x0000000086200000|  0%| F|  |TAMS 0x0000000086100000, 0x0000000086100000| Untracked 
|  54|0x0000000086200000, 0x0000000086200000, 0x0000000086300000|  0%| F|  |TAMS 0x0000000086200000, 0x0000000086200000| Untracked 
|  55|0x0000000086300000, 0x0000000086300000, 0x0000000086400000|  0%| F|  |TAMS 0x0000000086300000, 0x0000000086300000| Untracked 
|  56|0x0000000086400000, 0x0000000086400000, 0x0000000086500000|  0%| F|  |TAMS 0x0000000086400000, 0x0000000086400000| Untracked 
|  57|0x0000000086500000, 0x0000000086600000, 0x0000000086600000|100%| O|  |TAMS 0x0000000086600000, 0x0000000086500000| Untracked 
|  58|0x0000000086600000, 0x0000000086600000, 0x0000000086700000|  0%| F|  |TAMS 0x0000000086600000, 0x0000000086600000| Untracked 
|  59|0x0000000086700000, 0x0000000086700000, 0x0000000086800000|  0%| F|  |TAMS 0x0000000086700000, 0x0000000086700000| Untracked 
|  60|0x0000000086800000, 0x0000000086800000, 0x0000000086900000|  0%| F|  |TAMS 0x0000000086800000, 0x0000000086800000| Untracked 
|  61|0x0000000086900000, 0x0000000086900000, 0x0000000086a00000|  0%| F|  |TAMS 0x0000000086900000, 0x0000000086900000| Untracked 
|  62|0x0000000086a00000, 0x0000000086a00000, 0x0000000086b00000|  0%| F|  |TAMS 0x0000000086a00000, 0x0000000086a00000| Untracked 
|  63|0x0000000086b00000, 0x0000000086b00000, 0x0000000086c00000|  0%| F|  |TAMS 0x0000000086b00000, 0x0000000086b00000| Untracked 
|  64|0x0000000086c00000, 0x0000000086c00000, 0x0000000086d00000|  0%| F|  |TAMS 0x0000000086c00000, 0x0000000086c00000| Untracked 
|  65|0x0000000086d00000, 0x0000000086d00000, 0x0000000086e00000|  0%| F|  |TAMS 0x0000000086d00000, 0x0000000086d00000| Untracked 
|  66|0x0000000086e00000, 0x0000000086e00000, 0x0000000086f00000|  0%| F|  |TAMS 0x0000000086e00000, 0x0000000086e00000| Untracked 
|  67|0x0000000086f00000, 0x0000000086f00000, 0x0000000087000000|  0%| F|  |TAMS 0x0000000086f00000, 0x0000000086f00000| Untracked 
|  68|0x0000000087000000, 0x0000000087000000, 0x0000000087100000|  0%| F|  |TAMS 0x0000000087000000, 0x0000000087000000| Untracked 
|  69|0x0000000087100000, 0x0000000087100000, 0x0000000087200000|  0%| F|  |TAMS 0x0000000087100000, 0x0000000087100000| Untracked 
|  70|0x0000000087200000, 0x0000000087200000, 0x0000000087300000|  0%| F|  |TAMS 0x0000000087200000, 0x0000000087200000| Untracked 
|  71|0x0000000087300000, 0x0000000087300000, 0x0000000087400000|  0%| F|  |TAMS 0x0000000087300000, 0x0000000087300000| Untracked 
|  72|0x0000000087400000, 0x0000000087400000, 0x0000000087500000|  0%| F|  |TAMS 0x0000000087400000, 0x0000000087400000| Untracked 
|  73|0x0000000087500000, 0x0000000087500000, 0x0000000087600000|  0%| F|  |TAMS 0x0000000087500000, 0x0000000087500000| Untracked 
|  74|0x0000000087600000, 0x0000000087600000, 0x0000000087700000|  0%| F|  |TAMS 0x0000000087600000, 0x0000000087600000| Untracked 
|  75|0x0000000087700000, 0x0000000087700000, 0x0000000087800000|  0%| F|  |TAMS 0x0000000087700000, 0x0000000087700000| Untracked 
|  76|0x0000000087800000, 0x0000000087800000, 0x0000000087900000|  0%| F|  |TAMS 0x0000000087800000, 0x0000000087800000| Untracked 
|  77|0x0000000087900000, 0x0000000087900000, 0x0000000087a00000|  0%| F|  |TAMS 0x0000000087900000, 0x0000000087900000| Untracked 
|  78|0x0000000087a00000, 0x0000000087a00000, 0x0000000087b00000|  0%| F|  |TAMS 0x0000000087a00000, 0x0000000087a00000| Untracked 
|  79|0x0000000087b00000, 0x0000000087b00000, 0x0000000087c00000|  0%| F|  |TAMS 0x0000000087b00000, 0x0000000087b00000| Untracked 
|  80|0x0000000087c00000, 0x0000000087c00000, 0x0000000087d00000|  0%| F|  |TAMS 0x0000000087c00000, 0x0000000087c00000| Untracked 
|  81|0x0000000087d00000, 0x0000000087d00000, 0x0000000087e00000|  0%| F|  |TAMS 0x0000000087d00000, 0x0000000087d00000| Untracked 
|  82|0x0000000087e00000, 0x0000000087e2e2d0, 0x0000000087f00000| 18%| S|CS|TAMS 0x0000000087e00000, 0x0000000087e00000| Complete 
|  83|0x0000000087f00000, 0x0000000088000000, 0x0000000088000000|100%| O|  |TAMS 0x0000000088000000, 0x0000000087f00000| Untracked 
|  84|0x0000000088000000, 0x0000000088100000, 0x0000000088100000|100%| O|  |TAMS 0x0000000088100000, 0x0000000088000000| Untracked 
|  85|0x0000000088100000, 0x0000000088100000, 0x0000000088200000|  0%| F|  |TAMS 0x0000000088100000, 0x0000000088100000| Untracked 
|  86|0x0000000088200000, 0x0000000088200000, 0x0000000088300000|  0%| F|  |TAMS 0x0000000088200000, 0x0000000088200000| Untracked 
|  87|0x0000000088300000, 0x0000000088400000, 0x0000000088400000|100%| O|  |TAMS 0x0000000088400000, 0x0000000088300000| Untracked 
|  88|0x0000000088400000, 0x0000000088400000, 0x0000000088500000|  0%| F|  |TAMS 0x0000000088400000, 0x0000000088400000| Untracked 
|  89|0x0000000088500000, 0x0000000088600000, 0x0000000088600000|100%| O|  |TAMS 0x0000000088600000, 0x0000000088500000| Untracked 
|  90|0x0000000088600000, 0x0000000088700000, 0x0000000088700000|100%| O|  |TAMS 0x0000000088700000, 0x0000000088600000| Untracked 
|  91|0x0000000088700000, 0x0000000088800000, 0x0000000088800000|100%| O|  |TAMS 0x0000000088800000, 0x0000000088700000| Untracked 
|  92|0x0000000088800000, 0x0000000088900000, 0x0000000088900000|100%| O|  |TAMS 0x0000000088900000, 0x0000000088800000| Untracked 
|  93|0x0000000088900000, 0x0000000088a00000, 0x0000000088a00000|100%| O|  |TAMS 0x0000000088a00000, 0x0000000088900000| Untracked 
|  94|0x0000000088a00000, 0x0000000088b00000, 0x0000000088b00000|100%| O|  |TAMS 0x0000000088b00000, 0x0000000088a00000| Untracked 
|  95|0x0000000088b00000, 0x0000000088c00000, 0x0000000088c00000|100%| O|  |TAMS 0x0000000088c00000, 0x0000000088b00000| Untracked 
|  96|0x0000000088c00000, 0x0000000088c00000, 0x0000000088d00000|  0%| F|  |TAMS 0x0000000088c00000, 0x0000000088c00000| Untracked 
|  97|0x0000000088d00000, 0x0000000088e00000, 0x0000000088e00000|100%| O|  |TAMS 0x0000000088e00000, 0x0000000088d00000| Untracked 
|  98|0x0000000088e00000, 0x0000000088f00000, 0x0000000088f00000|100%| O|  |TAMS 0x0000000088f00000, 0x0000000088e00000| Untracked 
|  99|0x0000000088f00000, 0x0000000089000000, 0x0000000089000000|100%| O|  |TAMS 0x0000000089000000, 0x0000000088f00000| Untracked 
| 100|0x0000000089000000, 0x0000000089100000, 0x0000000089100000|100%| O|  |TAMS 0x0000000089100000, 0x0000000089000000| Untracked 
| 101|0x0000000089100000, 0x0000000089200000, 0x0000000089200000|100%| O|  |TAMS 0x0000000089200000, 0x0000000089100000| Untracked 
| 102|0x0000000089200000, 0x0000000089300000, 0x0000000089300000|100%| O|  |TAMS 0x0000000089300000, 0x0000000089200000| Untracked 
| 103|0x0000000089300000, 0x0000000089400000, 0x0000000089400000|100%| O|  |TAMS 0x0000000089400000, 0x0000000089300000| Untracked 
| 104|0x0000000089400000, 0x0000000089500000, 0x0000000089500000|100%| O|  |TAMS 0x0000000089500000, 0x0000000089400000| Untracked 
| 105|0x0000000089500000, 0x0000000089600000, 0x0000000089600000|100%| O|  |TAMS 0x0000000089600000, 0x0000000089500000| Untracked 
| 106|0x0000000089600000, 0x0000000089700000, 0x0000000089700000|100%| O|  |TAMS 0x0000000089700000, 0x0000000089600000| Untracked 
| 107|0x0000000089700000, 0x0000000089800000, 0x0000000089800000|100%| O|  |TAMS 0x0000000089800000, 0x0000000089700000| Untracked 
| 108|0x0000000089800000, 0x0000000089900000, 0x0000000089900000|100%| O|  |TAMS 0x0000000089900000, 0x0000000089800000| Untracked 
| 109|0x0000000089900000, 0x0000000089a00000, 0x0000000089a00000|100%| O|  |TAMS 0x0000000089a00000, 0x0000000089900000| Untracked 
| 110|0x0000000089a00000, 0x0000000089b00000, 0x0000000089b00000|100%| O|  |TAMS 0x0000000089b00000, 0x0000000089a00000| Untracked 
| 111|0x0000000089b00000, 0x0000000089c00000, 0x0000000089c00000|100%| O|  |TAMS 0x0000000089c00000, 0x0000000089b00000| Untracked 
| 112|0x0000000089c00000, 0x0000000089d00000, 0x0000000089d00000|100%| O|  |TAMS 0x0000000089d00000, 0x0000000089c00000| Untracked 
| 113|0x0000000089d00000, 0x0000000089e00000, 0x0000000089e00000|100%| O|  |TAMS 0x0000000089e00000, 0x0000000089d00000| Untracked 
| 114|0x0000000089e00000, 0x0000000089f00000, 0x0000000089f00000|100%| O|  |TAMS 0x0000000089f00000, 0x0000000089e00000| Untracked 
| 115|0x0000000089f00000, 0x000000008a000000, 0x000000008a000000|100%| O|  |TAMS 0x000000008a000000, 0x0000000089f00000| Untracked 
| 116|0x000000008a000000, 0x000000008a100000, 0x000000008a100000|100%| O|  |TAMS 0x000000008a100000, 0x000000008a000000| Untracked 
| 117|0x000000008a100000, 0x000000008a200000, 0x000000008a200000|100%| O|  |TAMS 0x000000008a200000, 0x000000008a100000| Untracked 
| 118|0x000000008a200000, 0x000000008a300000, 0x000000008a300000|100%| O|  |TAMS 0x000000008a300000, 0x000000008a200000| Untracked 
| 119|0x000000008a300000, 0x000000008a400000, 0x000000008a400000|100%| O|  |TAMS 0x000000008a400000, 0x000000008a300000| Untracked 
| 120|0x000000008a400000, 0x000000008a500000, 0x000000008a500000|100%| O|  |TAMS 0x000000008a500000, 0x000000008a400000| Untracked 
| 121|0x000000008a500000, 0x000000008a600000, 0x000000008a600000|100%| O|  |TAMS 0x000000008a600000, 0x000000008a500000| Untracked 
| 122|0x000000008a600000, 0x000000008a700000, 0x000000008a700000|100%| O|  |TAMS 0x000000008a700000, 0x000000008a600000| Untracked 
| 123|0x000000008a700000, 0x000000008a800000, 0x000000008a800000|100%| O|  |TAMS 0x000000008a800000, 0x000000008a700000| Untracked 
| 124|0x000000008a800000, 0x000000008a900000, 0x000000008a900000|100%| O|  |TAMS 0x000000008a900000, 0x000000008a800000| Untracked 
| 125|0x000000008a900000, 0x000000008aa00000, 0x000000008aa00000|100%| O|  |TAMS 0x000000008aa00000, 0x000000008a900000| Untracked 
| 126|0x000000008aa00000, 0x000000008ab00000, 0x000000008ab00000|100%| O|  |TAMS 0x000000008ab00000, 0x000000008aa00000| Untracked 
| 127|0x000000008ab00000, 0x000000008ac00000, 0x000000008ac00000|100%| O|  |TAMS 0x000000008ac00000, 0x000000008ab00000| Untracked 
| 128|0x000000008ac00000, 0x000000008ad00000, 0x000000008ad00000|100%| O|  |TAMS 0x000000008ad00000, 0x000000008ac00000| Untracked 
| 129|0x000000008ad00000, 0x000000008ae00000, 0x000000008ae00000|100%| O|  |TAMS 0x000000008ad38e00, 0x000000008ad00000| Untracked 
| 130|0x000000008ae00000, 0x000000008ae00000, 0x000000008af00000|  0%| F|  |TAMS 0x000000008ae00000, 0x000000008ae00000| Untracked 
| 131|0x000000008af00000, 0x000000008af00000, 0x000000008b000000|  0%| F|  |TAMS 0x000000008af00000, 0x000000008af00000| Untracked 
| 132|0x000000008b000000, 0x000000008b000000, 0x000000008b100000|  0%| F|  |TAMS 0x000000008b000000, 0x000000008b000000| Untracked 
| 133|0x000000008b100000, 0x000000008b100000, 0x000000008b200000|  0%| F|  |TAMS 0x000000008b100000, 0x000000008b100000| Untracked 
| 134|0x000000008b200000, 0x000000008b200000, 0x000000008b300000|  0%| F|  |TAMS 0x000000008b200000, 0x000000008b200000| Untracked 
| 135|0x000000008b300000, 0x000000008b300000, 0x000000008b400000|  0%| F|  |TAMS 0x000000008b300000, 0x000000008b300000| Untracked 
| 136|0x000000008b400000, 0x000000008b400000, 0x000000008b500000|  0%| F|  |TAMS 0x000000008b400000, 0x000000008b400000| Untracked 
| 137|0x000000008b500000, 0x000000008b500000, 0x000000008b600000|  0%| F|  |TAMS 0x000000008b500000, 0x000000008b500000| Untracked 
| 138|0x000000008b600000, 0x000000008b600000, 0x000000008b700000|  0%| F|  |TAMS 0x000000008b600000, 0x000000008b600000| Untracked 
| 139|0x000000008b700000, 0x000000008b700000, 0x000000008b800000|  0%| F|  |TAMS 0x000000008b700000, 0x000000008b700000| Untracked 
| 140|0x000000008b800000, 0x000000008b800000, 0x000000008b900000|  0%| F|  |TAMS 0x000000008b800000, 0x000000008b800000| Untracked 
| 141|0x000000008b900000, 0x000000008b900000, 0x000000008ba00000|  0%| F|  |TAMS 0x000000008b900000, 0x000000008b900000| Untracked 
| 142|0x000000008ba00000, 0x000000008ba00000, 0x000000008bb00000|  0%| F|  |TAMS 0x000000008ba00000, 0x000000008ba00000| Untracked 
| 143|0x000000008bb00000, 0x000000008bb00000, 0x000000008bc00000|  0%| F|  |TAMS 0x000000008bb00000, 0x000000008bb00000| Untracked 
| 144|0x000000008bc00000, 0x000000008bc00000, 0x000000008bd00000|  0%| F|  |TAMS 0x000000008bc00000, 0x000000008bc00000| Untracked 
| 145|0x000000008bd00000, 0x000000008bd00000, 0x000000008be00000|  0%| F|  |TAMS 0x000000008bd00000, 0x000000008bd00000| Untracked 
| 146|0x000000008be00000, 0x000000008be00000, 0x000000008bf00000|  0%| F|  |TAMS 0x000000008be00000, 0x000000008be00000| Untracked 
| 147|0x000000008bf00000, 0x000000008bf00000, 0x000000008c000000|  0%| F|  |TAMS 0x000000008bf00000, 0x000000008bf00000| Untracked 
| 148|0x000000008c000000, 0x000000008c000000, 0x000000008c100000|  0%| F|  |TAMS 0x000000008c000000, 0x000000008c000000| Untracked 
| 149|0x000000008c100000, 0x000000008c100000, 0x000000008c200000|  0%| F|  |TAMS 0x000000008c100000, 0x000000008c100000| Untracked 
| 150|0x000000008c200000, 0x000000008c200000, 0x000000008c300000|  0%| F|  |TAMS 0x000000008c200000, 0x000000008c200000| Untracked 
| 151|0x000000008c300000, 0x000000008c300000, 0x000000008c400000|  0%| F|  |TAMS 0x000000008c300000, 0x000000008c300000| Untracked 
| 152|0x000000008c400000, 0x000000008c400000, 0x000000008c500000|  0%| F|  |TAMS 0x000000008c400000, 0x000000008c400000| Untracked 
| 153|0x000000008c500000, 0x000000008c500000, 0x000000008c600000|  0%| F|  |TAMS 0x000000008c500000, 0x000000008c500000| Untracked 
| 154|0x000000008c600000, 0x000000008c600000, 0x000000008c700000|  0%| F|  |TAMS 0x000000008c600000, 0x000000008c600000| Untracked 
| 155|0x000000008c700000, 0x000000008c700000, 0x000000008c800000|  0%| F|  |TAMS 0x000000008c700000, 0x000000008c700000| Untracked 
| 156|0x000000008c800000, 0x000000008c800000, 0x000000008c900000|  0%| F|  |TAMS 0x000000008c800000, 0x000000008c800000| Untracked 
| 157|0x000000008c900000, 0x000000008c900000, 0x000000008ca00000|  0%| F|  |TAMS 0x000000008c900000, 0x000000008c900000| Untracked 
| 158|0x000000008ca00000, 0x000000008ca00000, 0x000000008cb00000|  0%| F|  |TAMS 0x000000008ca00000, 0x000000008ca00000| Untracked 
| 159|0x000000008cb00000, 0x000000008cb00000, 0x000000008cc00000|  0%| F|  |TAMS 0x000000008cb00000, 0x000000008cb00000| Untracked 
| 160|0x000000008cc00000, 0x000000008cc00000, 0x000000008cd00000|  0%| F|  |TAMS 0x000000008cc00000, 0x000000008cc00000| Untracked 
| 161|0x000000008cd00000, 0x000000008cd00000, 0x000000008ce00000|  0%| F|  |TAMS 0x000000008cd00000, 0x000000008cd00000| Untracked 
| 162|0x000000008ce00000, 0x000000008ce00000, 0x000000008cf00000|  0%| F|  |TAMS 0x000000008ce00000, 0x000000008ce00000| Untracked 
| 163|0x000000008cf00000, 0x000000008cf00000, 0x000000008d000000|  0%| F|  |TAMS 0x000000008cf00000, 0x000000008cf00000| Untracked 
| 164|0x000000008d000000, 0x000000008d000000, 0x000000008d100000|  0%| F|  |TAMS 0x000000008d000000, 0x000000008d000000| Untracked 
| 165|0x000000008d100000, 0x000000008d100000, 0x000000008d200000|  0%| F|  |TAMS 0x000000008d100000, 0x000000008d100000| Untracked 
| 166|0x000000008d200000, 0x000000008d200000, 0x000000008d300000|  0%| F|  |TAMS 0x000000008d200000, 0x000000008d200000| Untracked 
| 167|0x000000008d300000, 0x000000008d300000, 0x000000008d400000|  0%| F|  |TAMS 0x000000008d300000, 0x000000008d300000| Untracked 
| 168|0x000000008d400000, 0x000000008d400000, 0x000000008d500000|  0%| F|  |TAMS 0x000000008d400000, 0x000000008d400000| Untracked 
| 169|0x000000008d500000, 0x000000008d500000, 0x000000008d600000|  0%| F|  |TAMS 0x000000008d500000, 0x000000008d500000| Untracked 
| 170|0x000000008d600000, 0x000000008d600000, 0x000000008d700000|  0%| F|  |TAMS 0x000000008d600000, 0x000000008d600000| Untracked 
| 171|0x000000008d700000, 0x000000008d700000, 0x000000008d800000|  0%| F|  |TAMS 0x000000008d700000, 0x000000008d700000| Untracked 
| 172|0x000000008d800000, 0x000000008d800000, 0x000000008d900000|  0%| F|  |TAMS 0x000000008d800000, 0x000000008d800000| Untracked 
| 173|0x000000008d900000, 0x000000008d900000, 0x000000008da00000|  0%| F|  |TAMS 0x000000008d900000, 0x000000008d900000| Untracked 
| 174|0x000000008da00000, 0x000000008da00000, 0x000000008db00000|  0%| F|  |TAMS 0x000000008da00000, 0x000000008da00000| Untracked 
| 175|0x000000008db00000, 0x000000008db00000, 0x000000008dc00000|  0%| F|  |TAMS 0x000000008db00000, 0x000000008db00000| Untracked 
| 176|0x000000008dc00000, 0x000000008dc00000, 0x000000008dd00000|  0%| F|  |TAMS 0x000000008dc00000, 0x000000008dc00000| Untracked 
| 177|0x000000008dd00000, 0x000000008dd00000, 0x000000008de00000|  0%| F|  |TAMS 0x000000008dd00000, 0x000000008dd00000| Untracked 
| 178|0x000000008de00000, 0x000000008de00000, 0x000000008df00000|  0%| F|  |TAMS 0x000000008de00000, 0x000000008de00000| Untracked 
| 179|0x000000008df00000, 0x000000008df00000, 0x000000008e000000|  0%| F|  |TAMS 0x000000008df00000, 0x000000008df00000| Untracked 
| 180|0x000000008e000000, 0x000000008e000000, 0x000000008e100000|  0%| F|  |TAMS 0x000000008e000000, 0x000000008e000000| Untracked 
| 181|0x000000008e100000, 0x000000008e100000, 0x000000008e200000|  0%| F|  |TAMS 0x000000008e100000, 0x000000008e100000| Untracked 
| 182|0x000000008e200000, 0x000000008e200000, 0x000000008e300000|  0%| F|  |TAMS 0x000000008e200000, 0x000000008e200000| Untracked 
| 183|0x000000008e300000, 0x000000008e300000, 0x000000008e400000|  0%| F|  |TAMS 0x000000008e300000, 0x000000008e300000| Untracked 
| 184|0x000000008e400000, 0x000000008e400000, 0x000000008e500000|  0%| F|  |TAMS 0x000000008e400000, 0x000000008e400000| Untracked 
| 185|0x000000008e500000, 0x000000008e500000, 0x000000008e600000|  0%| F|  |TAMS 0x000000008e500000, 0x000000008e500000| Untracked 
| 186|0x000000008e600000, 0x000000008e600000, 0x000000008e700000|  0%| F|  |TAMS 0x000000008e600000, 0x000000008e600000| Untracked 
| 187|0x000000008e700000, 0x000000008e700000, 0x000000008e800000|  0%| F|  |TAMS 0x000000008e700000, 0x000000008e700000| Untracked 
| 188|0x000000008e800000, 0x000000008e800000, 0x000000008e900000|  0%| F|  |TAMS 0x000000008e800000, 0x000000008e800000| Untracked 
| 189|0x000000008e900000, 0x000000008e900000, 0x000000008ea00000|  0%| F|  |TAMS 0x000000008e900000, 0x000000008e900000| Untracked 
| 190|0x000000008ea00000, 0x000000008ea1f7e8, 0x000000008eb00000| 12%| E|  |TAMS 0x000000008ea00000, 0x000000008ea00000| Complete 
| 191|0x000000008eb00000, 0x000000008ec00000, 0x000000008ec00000|100%| E|  |TAMS 0x000000008eb00000, 0x000000008eb00000| Complete 
| 192|0x000000008ec00000, 0x000000008ed00000, 0x000000008ed00000|100%| E|CS|TAMS 0x000000008ec00000, 0x000000008ec00000| Complete 
| 193|0x000000008ed00000, 0x000000008ee00000, 0x000000008ee00000|100%| E|CS|TAMS 0x000000008ed00000, 0x000000008ed00000| Complete 
| 194|0x000000008ee00000, 0x000000008ef00000, 0x000000008ef00000|100%| E|CS|TAMS 0x000000008ee00000, 0x000000008ee00000| Complete 
| 195|0x000000008ef00000, 0x000000008f000000, 0x000000008f000000|100%| E|CS|TAMS 0x000000008ef00000, 0x000000008ef00000| Complete 
| 196|0x000000008f000000, 0x000000008f100000, 0x000000008f100000|100%| E|CS|TAMS 0x000000008f000000, 0x000000008f000000| Complete 

Card table byte_map: [0x00000258fc8f0000,0x00000258fcce0000] _byte_map_base: 0x00000258fc4da000

Marking Bits (Prev, Next): (CMBitMap*) 0x00000258fa256ab0, (CMBitMap*) 0x00000258fa256af0
 Prev Bits: [0x00000258fd0d0000, 0x00000258ff020000)
 Next Bits: [0x00000258967a0000, 0x00000258986f0000)

Polling page: 0x00000258fa0c0000

Metaspace:

Usage:
  Non-class:     39.03 MB used.
      Class:      4.78 MB used.
       Both:     43.82 MB used.

Virtual space:
  Non-class space:       40.00 MB reserved,      39.19 MB ( 98%) committed,  5 nodes.
      Class space:        1.00 GB reserved,       4.94 MB ( <1%) committed,  1 nodes.
             Both:        1.04 GB reserved,      44.12 MB (  4%) committed. 

Chunk freelists:
   Non-Class:  384.00 KB
       Class:  2.91 MB
        Both:  3.28 MB

MaxMetaspaceSize: unlimited
CompressedClassSpaceSize: 1.00 GB
Initial GC threshold: 21.00 MB
Current GC threshold: 72.62 MB
CDS: on
MetaspaceReclaimPolicy: balanced
 - commit_granule_bytes: 65536.
 - commit_granule_words: 8192.
 - virtual_space_node_default_size: 1048576.
 - enlarge_chunks_in_place: 1.
 - new_chunks_are_fully_committed: 0.
 - uncommit_free_chunks: 1.
 - use_allocation_guard: 0.
 - handle_deallocations: 1.


Internal statistics:

num_allocs_failed_limit: 6.
num_arena_births: 396.
num_arena_deaths: 56.
num_vsnodes_births: 6.
num_vsnodes_deaths: 0.
num_space_committed: 706.
num_space_uncommitted: 0.
num_chunks_returned_to_freelist: 67.
num_chunks_taken_from_freelist: 1964.
num_chunk_merges: 16.
num_chunk_splits: 1373.
num_chunks_enlarged: 1084.
num_purges: 2.
num_inconsistent_stats: 0.

CodeHeap 'non-profiled nmethods': size=120000Kb used=10385Kb max_used=10385Kb free=109614Kb
 bounds [0x000002588f270000, 0x000002588fca0000, 0x00000258967a0000]
CodeHeap 'profiled nmethods': size=120000Kb used=15809Kb max_used=17538Kb free=104190Kb
 bounds [0x0000025887d40000, 0x0000025888e70000, 0x000002588f270000]
CodeHeap 'non-nmethods': size=5760Kb used=1263Kb max_used=1366Kb free=4496Kb
 bounds [0x00000258877a0000, 0x0000025887a10000, 0x0000025887d40000]
 total_blobs=9266 nmethods=8689 adapters=489
 compilation: enabled
              stopped_count=0, restarted_count=0
 full_count=0

Compilation events (20 events):
Event: 2242.176 Thread 0x00000258ffac4470 11134       2       ch.qos.logback.classic.pattern.ThreadConverter::convert (9 bytes)
Event: 2242.177 Thread 0x00000258ffac4470 nmethod 11134 0x0000025888ab8b10 code [0x0000025888ab8cc0, 0x0000025888ab8ed8]
Event: 2242.177 Thread 0x00000258ffac4470 11135       2       ch.qos.logback.classic.pattern.ThreadConverter::convert (7 bytes)
Event: 2242.177 Thread 0x00000258ffac4470 nmethod 11135 0x0000025888ab8690 code [0x0000025888ab8820, 0x0000025888ab89d8]
Event: 2242.177 Thread 0x00000258ffac4470 11136       2       ch.qos.logback.classic.pattern.NamedConverter::convert (9 bytes)
Event: 2242.177 Thread 0x00000258ffac4470 nmethod 11136 0x0000025888ab8110 code [0x0000025888ab82c0, 0x0000025888ab84c8]
Event: 2242.178 Thread 0x00000258ffac4470 11137       2       ch.qos.logback.classic.pattern.NamedConverter::convert (26 bytes)
Event: 2242.178 Thread 0x00000258ffac4470 nmethod 11137 0x0000025888ab7c10 code [0x0000025888ab7dc0, 0x0000025888ab7fa8]
Event: 2242.178 Thread 0x00000258ffac4470 11138       2       ch.qos.logback.classic.pattern.LoggerConverter::getFullyQualifiedName (7 bytes)
Event: 2242.178 Thread 0x00000258ffac4470 nmethod 11138 0x0000025888ab7810 code [0x0000025888ab79a0, 0x0000025888ab7af8]
Event: 2242.178 Thread 0x00000258ffac4470 11139   !   2       org.apache.tomcat.util.net.NioEndpoint$NioSocketWrapper::doClose (321 bytes)
Event: 2242.181 Thread 0x00000258ffac4470 nmethod 11139 0x0000025888b59990 code [0x0000025888b59d60, 0x0000025888b5ad88]
Event: 2242.181 Thread 0x00000258ffac4470 11140       2       org.apache.tomcat.util.net.NioChannel::close (16 bytes)
Event: 2242.181 Thread 0x00000258ffac4470 nmethod 11140 0x0000025888ab7410 code [0x0000025888ab75c0, 0x0000025888ab7738]
Event: 2242.181 Thread 0x00000258ffac4470 11141       2       org.apache.tomcat.util.net.NioChannel::close (8 bytes)
Event: 2242.181 Thread 0x00000258ffac4470 nmethod 11141 0x0000025888ab7090 code [0x0000025888ab7220, 0x0000025888ab7348]
Event: 2242.181 Thread 0x00000258ffac4470 11142       2       sun.nio.ch.SocketChannelImpl::implCloseSelectableChannel (40 bytes)
Event: 2242.181 Thread 0x00000258ffac4470 nmethod 11142 0x0000025888ab6c90 code [0x0000025888ab6e40, 0x0000025888ab6fb8]
Event: 2242.221 Thread 0x00000258ffabddb0 nmethod 11126 0x000002588fc92290 code [0x000002588fc924c0, 0x000002588fc93c08]
Event: 2242.222 Thread 0x00000258ffabddb0 10684       4       ch.qos.logback.classic.spi.StackTraceElementProxy::getSTEAsString (41 bytes)

GC Heap History (20 events):
Event: 2230.850 GC heap before
{Heap before GC invocations=481 (full 0):
 garbage-first heap   total 201728K, used 156660K [0x0000000082c00000, 0x0000000100000000)
  region size 1024K, 65 young (66560K), 9 survivors (9216K)
 Metaspace       used 44274K, committed 44608K, reserved 1089536K
  class space    used 4855K, committed 5056K, reserved 1048576K
}
Event: 2230.855 GC heap after
{Heap after GC invocations=482 (full 0):
 garbage-first heap   total 201728K, used 100313K [0x0000000082c00000, 0x0000000100000000)
  region size 1024K, 9 young (9216K), 9 survivors (9216K)
 Metaspace       used 44274K, committed 44608K, reserved 1089536K
  class space    used 4855K, committed 5056K, reserved 1048576K
}
Event: 2233.592 GC heap before
{Heap before GC invocations=482 (full 0):
 garbage-first heap   total 201728K, used 156633K [0x0000000082c00000, 0x0000000100000000)
  region size 1024K, 65 young (66560K), 9 survivors (9216K)
 Metaspace       used 44274K, committed 44608K, reserved 1089536K
  class space    used 4855K, committed 5056K, reserved 1048576K
}
Event: 2233.596 GC heap after
{Heap after GC invocations=483 (full 0):
 garbage-first heap   total 201728K, used 101252K [0x0000000082c00000, 0x0000000100000000)
  region size 1024K, 9 young (9216K), 9 survivors (9216K)
 Metaspace       used 44274K, committed 44608K, reserved 1089536K
  class space    used 4855K, committed 5056K, reserved 1048576K
}
Event: 2236.119 GC heap before
{Heap before GC invocations=483 (full 0):
 garbage-first heap   total 201728K, used 157572K [0x0000000082c00000, 0x0000000100000000)
  region size 1024K, 64 young (65536K), 9 survivors (9216K)
 Metaspace       used 44274K, committed 44608K, reserved 1089536K
  class space    used 4855K, committed 5056K, reserved 1048576K
}
Event: 2236.123 GC heap after
{Heap after GC invocations=484 (full 0):
 garbage-first heap   total 201728K, used 101993K [0x0000000082c00000, 0x0000000100000000)
  region size 1024K, 8 young (8192K), 8 survivors (8192K)
 Metaspace       used 44274K, committed 44608K, reserved 1089536K
  class space    used 4855K, committed 5056K, reserved 1048576K
}
Event: 2238.680 GC heap before
{Heap before GC invocations=484 (full 0):
 garbage-first heap   total 201728K, used 156265K [0x0000000082c00000, 0x0000000100000000)
  region size 1024K, 62 young (63488K), 8 survivors (8192K)
 Metaspace       used 44274K, committed 44608K, reserved 1089536K
  class space    used 4855K, committed 5056K, reserved 1048576K
}
Event: 2238.685 GC heap after
{Heap after GC invocations=485 (full 0):
 garbage-first heap   total 201728K, used 103715K [0x0000000082c00000, 0x0000000100000000)
  region size 1024K, 8 young (8192K), 8 survivors (8192K)
 Metaspace       used 44274K, committed 44608K, reserved 1089536K
  class space    used 4855K, committed 5056K, reserved 1048576K
}
Event: 2241.181 GC heap before
{Heap before GC invocations=485 (full 0):
 garbage-first heap   total 201728K, used 156963K [0x0000000082c00000, 0x0000000100000000)
  region size 1024K, 61 young (62464K), 8 survivors (8192K)
 Metaspace       used 44617K, committed 44928K, reserved 1089536K
  class space    used 4898K, committed 5056K, reserved 1048576K
}
Event: 2241.186 GC heap after
{Heap after GC invocations=486 (full 0):
 garbage-first heap   total 201728K, used 104435K [0x0000000082c00000, 0x0000000100000000)
  region size 1024K, 8 young (8192K), 8 survivors (8192K)
 Metaspace       used 44617K, committed 44928K, reserved 1089536K
  class space    used 4898K, committed 5056K, reserved 1048576K
}
Event: 2241.484 GC heap before
{Heap before GC invocations=486 (full 0):
 garbage-first heap   total 201728K, used 157683K [0x0000000082c00000, 0x0000000100000000)
  region size 1024K, 61 young (62464K), 8 survivors (8192K)
 Metaspace       used 44690K, committed 45056K, reserved 1089536K
  class space    used 4899K, committed 5056K, reserved 1048576K
}
Event: 2241.485 GC heap after
{Heap after GC invocations=487 (full 0):
 garbage-first heap   total 201728K, used 98188K [0x0000000082c00000, 0x0000000100000000)
  region size 1024K, 2 young (2048K), 2 survivors (2048K)
 Metaspace       used 44690K, committed 45056K, reserved 1089536K
  class space    used 4899K, committed 5056K, reserved 1048576K
}
Event: 2241.701 GC heap before
{Heap before GC invocations=487 (full 0):
 garbage-first heap   total 201728K, used 158604K [0x0000000082c00000, 0x0000000100000000)
  region size 1024K, 62 young (63488K), 2 survivors (2048K)
 Metaspace       used 44723K, committed 45056K, reserved 1089536K
  class space    used 4899K, committed 5056K, reserved 1048576K
}
Event: 2241.702 GC heap after
{Heap after GC invocations=488 (full 0):
 garbage-first heap   total 201728K, used 97284K [0x0000000082c00000, 0x0000000100000000)
  region size 1024K, 1 young (1024K), 1 survivors (1024K)
 Metaspace       used 44723K, committed 45056K, reserved 1089536K
  class space    used 4899K, committed 5056K, reserved 1048576K
}
Event: 2241.859 GC heap before
{Heap before GC invocations=488 (full 0):
 garbage-first heap   total 201728K, used 162820K [0x0000000082c00000, 0x0000000100000000)
  region size 1024K, 66 young (67584K), 1 survivors (1024K)
 Metaspace       used 44801K, committed 45120K, reserved 1089536K
  class space    used 4899K, committed 5056K, reserved 1048576K
}
Event: 2241.860 GC heap after
{Heap after GC invocations=489 (full 0):
 garbage-first heap   total 201728K, used 97086K [0x0000000082c00000, 0x0000000100000000)
  region size 1024K, 1 young (1024K), 1 survivors (1024K)
 Metaspace       used 44801K, committed 45120K, reserved 1089536K
  class space    used 4899K, committed 5056K, reserved 1048576K
}
Event: 2242.014 GC heap before
{Heap before GC invocations=489 (full 0):
 garbage-first heap   total 201728K, used 165694K [0x0000000082c00000, 0x0000000100000000)
  region size 1024K, 69 young (70656K), 1 survivors (1024K)
 Metaspace       used 44838K, committed 45120K, reserved 1089536K
  class space    used 4899K, committed 5056K, reserved 1048576K
}
Event: 2242.015 GC heap after
{Heap after GC invocations=490 (full 0):
 garbage-first heap   total 201728K, used 97138K [0x0000000082c00000, 0x0000000100000000)
  region size 1024K, 1 young (1024K), 1 survivors (1024K)
 Metaspace       used 44838K, committed 45120K, reserved 1089536K
  class space    used 4899K, committed 5056K, reserved 1048576K
}
Event: 2242.186 GC heap before
{Heap before GC invocations=490 (full 0):
 garbage-first heap   total 201728K, used 167794K [0x0000000082c00000, 0x0000000100000000)
  region size 1024K, 71 young (72704K), 1 survivors (1024K)
 Metaspace       used 44870K, committed 45184K, reserved 1089536K
  class space    used 4899K, committed 5056K, reserved 1048576K
}
Event: 2242.187 GC heap after
{Heap after GC invocations=491 (full 0):
 garbage-first heap   total 201728K, used 96964K [0x0000000082c00000, 0x0000000100000000)
  region size 1024K, 1 young (1024K), 1 survivors (1024K)
 Metaspace       used 44870K, committed 45184K, reserved 1089536K
  class space    used 4899K, committed 5056K, reserved 1048576K
}

Deoptimization events (20 events):
Event: 2241.292 Thread 0x000002589e2db190 Uncommon trap: trap_request=0xffffff45 fr.pc=0x000002588f97e980 relative=0x00000000000000c0
Event: 2241.292 Thread 0x000002589e2db190 Uncommon trap: reason=unstable_if action=reinterpret pc=0x000002588f97e980 method=java.security.Security.getProperty(Ljava/lang/String;)Ljava/lang/String; @ 48 c2
Event: 2241.292 Thread 0x000002589e2db190 DEOPT PACKING pc=0x000002588f97e980 sp=0x000000942f0fbf20
Event: 2241.292 Thread 0x000002589e2db190 DEOPT UNPACKING pc=0x00000258877f23a3 sp=0x000000942f0fbee0 mode 2
Event: 2242.033 Thread 0x000002589dfd9e70 DEOPT PACKING pc=0x0000025888865616 sp=0x000000942f6fcd40
Event: 2242.033 Thread 0x000002589dfd9e70 DEOPT UNPACKING pc=0x00000258877f2b43 sp=0x000000942f6fc200 mode 0
Event: 2242.052 Thread 0x000002589dfd7320 DEOPT PACKING pc=0x0000025888865616 sp=0x000000942f7fc760
Event: 2242.052 Thread 0x000002589dfd7320 DEOPT UNPACKING pc=0x00000258877f2b43 sp=0x000000942f7fbc20 mode 0
Event: 2242.067 Thread 0x000002589e2db190 DEOPT PACKING pc=0x0000025888865616 sp=0x000000942f0feb60
Event: 2242.067 Thread 0x000002589e2db190 DEOPT UNPACKING pc=0x00000258877f2b43 sp=0x000000942f0fe020 mode 0
Event: 2242.085 Thread 0x000002589dfd9e70 DEOPT PACKING pc=0x0000025888865616 sp=0x000000942f6fcc10
Event: 2242.085 Thread 0x000002589dfd9e70 DEOPT UNPACKING pc=0x00000258877f2b43 sp=0x000000942f6fc0d0 mode 0
Event: 2242.096 Thread 0x000002589dfd7320 DEOPT PACKING pc=0x0000025888865616 sp=0x000000942f7fe790
Event: 2242.096 Thread 0x000002589dfd7320 DEOPT UNPACKING pc=0x00000258877f2b43 sp=0x000000942f7fdc50 mode 0
Event: 2242.123 Thread 0x000002589e2db190 DEOPT PACKING pc=0x0000025887ed84fc sp=0x000000942f0fcef0
Event: 2242.123 Thread 0x000002589e2db190 DEOPT UNPACKING pc=0x00000258877f2b43 sp=0x000000942f0fc390 mode 0
Event: 2242.151 Thread 0x000002589dfd99a0 DEOPT PACKING pc=0x0000025887ed84fc sp=0x000000942f4fcc10
Event: 2242.151 Thread 0x000002589dfd99a0 DEOPT UNPACKING pc=0x00000258877f2b43 sp=0x000000942f4fc0b0 mode 0
Event: 2242.169 Thread 0x000002589e16ba30 DEOPT PACKING pc=0x0000025887ed84fc sp=0x000000942f2fc8d0
Event: 2242.169 Thread 0x000002589e16ba30 DEOPT UNPACKING pc=0x00000258877f2b43 sp=0x000000942f2fbd70 mode 0

Classes unloaded (20 events):
Event: 1981.803 Thread 0x00000258ffa957e0 Unloading class 0x0000000800e39c00 'jdk/internal/reflect/GeneratedConstructorAccessor11'
Event: 1981.803 Thread 0x00000258ffa957e0 Unloading class 0x0000000800e24000 'jdk/internal/reflect/GeneratedConstructorAccessor8'
Event: 1981.803 Thread 0x00000258ffa957e0 Unloading class 0x0000000800e11000 'jdk/internal/reflect/GeneratedConstructorAccessor7'
Event: 1981.803 Thread 0x00000258ffa957e0 Unloading class 0x0000000800e10c00 'jdk/internal/reflect/GeneratedConstructorAccessor6'
Event: 1981.803 Thread 0x00000258ffa957e0 Unloading class 0x0000000800e08800 'jdk/internal/reflect/GeneratedConstructorAccessor5'
Event: 1981.803 Thread 0x00000258ffa957e0 Unloading class 0x0000000800de0800 'java/lang/invoke/LambdaForm$DMH+0x0000000800de0800'
Event: 1981.803 Thread 0x00000258ffa957e0 Unloading class 0x0000000800d46800 'java/lang/invoke/LambdaForm$MH+0x0000000800d46800'
Event: 1981.803 Thread 0x00000258ffa957e0 Unloading class 0x0000000800d46400 'java/lang/invoke/LambdaForm$MH+0x0000000800d46400'
Event: 1981.803 Thread 0x00000258ffa957e0 Unloading class 0x0000000800d46000 'java/lang/invoke/LambdaForm$MH+0x0000000800d46000'
Event: 1981.803 Thread 0x00000258ffa957e0 Unloading class 0x0000000800d45c00 'java/lang/invoke/LambdaForm$MH+0x0000000800d45c00'
Event: 1981.803 Thread 0x00000258ffa957e0 Unloading class 0x0000000800d45400 'java/lang/invoke/LambdaForm$MH+0x0000000800d45400'
Event: 1981.803 Thread 0x00000258ffa957e0 Unloading class 0x0000000800d45000 'java/lang/invoke/LambdaForm$MH+0x0000000800d45000'
Event: 1981.803 Thread 0x00000258ffa957e0 Unloading class 0x0000000800d44c00 'java/lang/invoke/LambdaForm$MH+0x0000000800d44c00'
Event: 1981.803 Thread 0x00000258ffa957e0 Unloading class 0x0000000800d44800 'java/lang/invoke/LambdaForm$MH+0x0000000800d44800'
Event: 1981.803 Thread 0x00000258ffa957e0 Unloading class 0x0000000800d1e800 'java/lang/invoke/LambdaForm$MH+0x0000000800d1e800'
Event: 1981.803 Thread 0x00000258ffa957e0 Unloading class 0x0000000800d1e000 'java/lang/invoke/LambdaForm$MH+0x0000000800d1e000'
Event: 1981.803 Thread 0x00000258ffa957e0 Unloading class 0x0000000800d1dc00 'java/lang/invoke/LambdaForm$MH+0x0000000800d1dc00'
Event: 1981.803 Thread 0x00000258ffa957e0 Unloading class 0x0000000800d1d800 'java/lang/invoke/LambdaForm$MH+0x0000000800d1d800'
Event: 1981.803 Thread 0x00000258ffa957e0 Unloading class 0x0000000800d1d000 'java/lang/invoke/LambdaForm$MH+0x0000000800d1d000'
Event: 1981.803 Thread 0x00000258ffa957e0 Unloading class 0x0000000800d1c800 'java/lang/invoke/LambdaForm$MH+0x0000000800d1c800'

Classes redefined (0 events):
No events

Internal exceptions (20 events):
Event: 2242.168 Thread 0x000002589e2db660 Exception <a 'java/net/ConnectException'{0x000000008afd23f8}: Connection refused: no further information> (0x000000008afd23f8) 
thrown [s\open\src\hotspot\share\prims\jni.cpp, line 535]
Event: 2242.168 Thread 0x000002589e2db660 Exception <a 'java/net/SocketException'{0x000000008afd2c80}: Socket is not connected: shutdown> (0x000000008afd2c80) 
thrown [s\open\src\hotspot\share\prims\jni.cpp, line 535]
Event: 2242.171 Thread 0x000002589e2db190 Exception <a 'java/net/ConnectException'{0x0000000088c69a88}: Connection refused: no further information> (0x0000000088c69a88) 
thrown [s\open\src\hotspot\share\prims\jni.cpp, line 535]
Event: 2242.171 Thread 0x000002589e2db190 Exception <a 'java/net/SocketException'{0x0000000088c6a310}: Socket is not connected: shutdown> (0x0000000088c6a310) 
thrown [s\open\src\hotspot\share\prims\jni.cpp, line 535]
Event: 2242.184 Thread 0x000002589dfd94d0 Exception <a 'java/net/ConnectException'{0x000000008ae5ca40}: Connection refused: no further information> (0x000000008ae5ca40) 
thrown [s\open\src\hotspot\share\prims\jni.cpp, line 535]
Event: 2242.184 Thread 0x000002589dfd94d0 Exception <a 'java/net/SocketException'{0x000000008ae5d2c8}: Socket is not connected: shutdown> (0x000000008ae5d2c8) 
thrown [s\open\src\hotspot\share\prims\jni.cpp, line 535]
Event: 2242.192 Thread 0x000002589dfd9e70 Exception <a 'java/net/ConnectException'{0x000000008f0bbb58}: Connection refused: no further information> (0x000000008f0bbb58) 
thrown [s\open\src\hotspot\share\prims\jni.cpp, line 535]
Event: 2242.192 Thread 0x000002589dfd9e70 Exception <a 'java/net/SocketException'{0x000000008f0bc3e0}: Socket is not connected: shutdown> (0x000000008f0bc3e0) 
thrown [s\open\src\hotspot\share\prims\jni.cpp, line 535]
Event: 2242.204 Thread 0x000002589dfd9e70 Exception <a 'java/net/ConnectException'{0x000000008ef47a68}: Connection refused: no further information> (0x000000008ef47a68) 
thrown [s\open\src\hotspot\share\prims\jni.cpp, line 535]
Event: 2242.204 Thread 0x000002589dfd9e70 Exception <a 'java/net/SocketException'{0x000000008ef482f0}: Socket is not connected: shutdown> (0x000000008ef482f0) 
thrown [s\open\src\hotspot\share\prims\jni.cpp, line 535]
Event: 2242.219 Thread 0x000002589dfd9e70 Exception <a 'java/net/ConnectException'{0x000000008efd2b48}: Connection refused: no further information> (0x000000008efd2b48) 
thrown [s\open\src\hotspot\share\prims\jni.cpp, line 535]
Event: 2242.219 Thread 0x000002589dfd9e70 Exception <a 'java/net/SocketException'{0x000000008efd33d0}: Socket is not connected: shutdown> (0x000000008efd33d0) 
thrown [s\open\src\hotspot\share\prims\jni.cpp, line 535]
Event: 2242.234 Thread 0x000002589dfda340 Exception <a 'java/net/ConnectException'{0x000000008eee6f10}: Connection refused: no further information> (0x000000008eee6f10) 
thrown [s\open\src\hotspot\share\prims\jni.cpp, line 535]
Event: 2242.234 Thread 0x000002589dfda340 Exception <a 'java/net/SocketException'{0x000000008eee7798}: Socket is not connected: shutdown> (0x000000008eee7798) 
thrown [s\open\src\hotspot\share\prims\jni.cpp, line 535]
Event: 2242.236 Thread 0x000002589dfda340 Exception <a 'java/net/ConnectException'{0x000000008ed72400}: Connection refused: no further information> (0x000000008ed72400) 
thrown [s\open\src\hotspot\share\prims\jni.cpp, line 535]
Event: 2242.236 Thread 0x000002589dfda340 Exception <a 'java/net/SocketException'{0x000000008ed72c88}: Socket is not connected: shutdown> (0x000000008ed72c88) 
thrown [s\open\src\hotspot\share\prims\jni.cpp, line 535]
Event: 2242.238 Thread 0x000002589dfda340 Exception <a 'java/net/ConnectException'{0x000000008edfd4c8}: Connection refused: no further information> (0x000000008edfd4c8) 
thrown [s\open\src\hotspot\share\prims\jni.cpp, line 535]
Event: 2242.238 Thread 0x000002589dfda340 Exception <a 'java/net/SocketException'{0x000000008edfdd50}: Socket is not connected: shutdown> (0x000000008edfdd50) 
thrown [s\open\src\hotspot\share\prims\jni.cpp, line 535]
Event: 2242.262 Thread 0x000002589dfd77f0 Exception <a 'java/net/ConnectException'{0x000000008eb08ac0}: Connection refused: no further information> (0x000000008eb08ac0) 
thrown [s\open\src\hotspot\share\prims\jni.cpp, line 535]
Event: 2242.262 Thread 0x000002589dfd77f0 Exception <a 'java/net/SocketException'{0x000000008eb09348}: Socket is not connected: shutdown> (0x000000008eb09348) 
thrown [s\open\src\hotspot\share\prims\jni.cpp, line 535]

VM Operations (20 events):
Event: 2240.827 Executing VM operation: HandshakeAllThreads
Event: 2240.827 Executing VM operation: HandshakeAllThreads done
Event: 2240.863 Executing VM operation: HandshakeAllThreads
Event: 2240.863 Executing VM operation: HandshakeAllThreads done
Event: 2240.863 Executing VM operation: Cleanup
Event: 2240.863 Executing VM operation: Cleanup done
Event: 2241.039 Executing VM operation: HandshakeAllThreads
Event: 2241.039 Executing VM operation: HandshakeAllThreads done
Event: 2241.181 Executing VM operation: G1CollectForAllocation
Event: 2241.186 Executing VM operation: G1CollectForAllocation done
Event: 2241.484 Executing VM operation: G1CollectForAllocation
Event: 2241.486 Executing VM operation: G1CollectForAllocation done
Event: 2241.701 Executing VM operation: G1CollectForAllocation
Event: 2241.702 Executing VM operation: G1CollectForAllocation done
Event: 2241.859 Executing VM operation: G1CollectForAllocation
Event: 2241.860 Executing VM operation: G1CollectForAllocation done
Event: 2242.014 Executing VM operation: G1CollectForAllocation
Event: 2242.015 Executing VM operation: G1CollectForAllocation done
Event: 2242.186 Executing VM operation: G1CollectForAllocation
Event: 2242.187 Executing VM operation: G1CollectForAllocation done

Events (20 events):
Event: 2242.234 loading class jdk/internal/reflect/GeneratedMethodAccessor43
Event: 2242.234 loading class jdk/internal/reflect/GeneratedMethodAccessor43 done
Event: 2242.235 loading class jdk/internal/reflect/GeneratedMethodAccessor43
Event: 2242.235 loading class jdk/internal/reflect/GeneratedMethodAccessor43 done
Event: 2242.237 loading class jdk/internal/reflect/GeneratedMethodAccessor43
Event: 2242.237 loading class jdk/internal/reflect/GeneratedMethodAccessor43 done
Event: 2242.237 loading class jdk/internal/reflect/GeneratedMethodAccessor43
Event: 2242.237 loading class jdk/internal/reflect/GeneratedMethodAccessor43 done
Event: 2242.239 loading class jdk/internal/reflect/GeneratedMethodAccessor43
Event: 2242.239 loading class jdk/internal/reflect/GeneratedMethodAccessor43 done
Event: 2242.240 loading class jdk/internal/reflect/GeneratedMethodAccessor43
Event: 2242.240 loading class jdk/internal/reflect/GeneratedMethodAccessor43 done
Event: 2242.241 loading class jdk/internal/reflect/GeneratedMethodAccessor43
Event: 2242.241 loading class jdk/internal/reflect/GeneratedMethodAccessor43 done
Event: 2242.241 loading class jdk/internal/reflect/GeneratedMethodAccessor43
Event: 2242.241 loading class jdk/internal/reflect/GeneratedMethodAccessor43 done
Event: 2242.262 loading class jdk/internal/reflect/GeneratedMethodAccessor43
Event: 2242.262 loading class jdk/internal/reflect/GeneratedMethodAccessor43 done
Event: 2242.263 loading class jdk/internal/reflect/GeneratedMethodAccessor43
Event: 2242.263 loading class jdk/internal/reflect/GeneratedMethodAccessor43 done


Dynamic libraries:
0x00007ff617e40000 - 0x00007ff617e50000 	C:\Program Files\Java\jdk-17.0.5\bin\java.exe
0x00007fff4f350000 - 0x00007fff4f548000 	C:\WINDOWS\SYSTEM32\ntdll.dll
0x00007fff4f250000 - 0x00007fff4f30f000 	C:\WINDOWS\System32\KERNEL32.DLL
0x00007fff4cd20000 - 0x00007fff4cff2000 	C:\WINDOWS\System32\KERNELBASE.dll
0x00007fff4d030000 - 0x00007fff4d130000 	C:\WINDOWS\System32\ucrtbase.dll
0x00007fff341b0000 - 0x00007fff341ca000 	C:\Program Files\Java\jdk-17.0.5\bin\VCRUNTIME140.dll
0x00007fff341d0000 - 0x00007fff341e8000 	C:\Program Files\Java\jdk-17.0.5\bin\jli.dll
0x00007fff4eb20000 - 0x00007fff4ebce000 	C:\WINDOWS\System32\ADVAPI32.dll
0x00007fff4e560000 - 0x00007fff4e5fe000 	C:\WINDOWS\System32\msvcrt.dll
0x00007fff4ed80000 - 0x00007fff4ee1c000 	C:\WINDOWS\System32\sechost.dll
0x00007fff4d3b0000 - 0x00007fff4d4d5000 	C:\WINDOWS\System32\RPCRT4.dll
0x00007fff4e360000 - 0x00007fff4e4fd000 	C:\WINDOWS\System32\USER32.dll
0x00007fff29400000 - 0x00007fff2969a000 	C:\WINDOWS\WinSxS\amd64_microsoft.windows.common-controls_6595b64144ccf1df_6.0.19041.1110_none_60b5254171f9507e\COMCTL32.dll
0x00007fff4d000000 - 0x00007fff4d022000 	C:\WINDOWS\System32\win32u.dll
0x00007fff4d4e0000 - 0x00007fff4d50b000 	C:\WINDOWS\System32\GDI32.dll
0x00007fff4d220000 - 0x00007fff4d32f000 	C:\WINDOWS\System32\gdi32full.dll
0x00007fff4d130000 - 0x00007fff4d1cd000 	C:\WINDOWS\System32\msvcp_win.dll
0x00007fff429b0000 - 0x00007fff429ba000 	C:\WINDOWS\SYSTEM32\VERSION.dll
0x00007fff4e600000 - 0x00007fff4e632000 	C:\WINDOWS\System32\IMM32.DLL
0x00007fff3a490000 - 0x00007fff3a49c000 	C:\Program Files\Java\jdk-17.0.5\bin\vcruntime140_1.dll
0x00007fff22c20000 - 0x00007fff22cad000 	C:\Program Files\Java\jdk-17.0.5\bin\msvcp140.dll
0x00007ffee3840000 - 0x00007ffee4402000 	C:\Program Files\Java\jdk-17.0.5\bin\server\jvm.dll
0x00007fff4d510000 - 0x00007fff4d518000 	C:\WINDOWS\System32\PSAPI.DLL
0x00007fff32160000 - 0x00007fff32187000 	C:\WINDOWS\SYSTEM32\WINMM.dll
0x00007fff3a850000 - 0x00007fff3a859000 	C:\WINDOWS\SYSTEM32\WSOCK32.dll
0x00007fff4e6a0000 - 0x00007fff4e70b000 	C:\WINDOWS\System32\WS2_32.dll
0x00007fff4b290000 - 0x00007fff4b2a2000 	C:\WINDOWS\SYSTEM32\kernel.appcore.dll
0x00007fff341a0000 - 0x00007fff341aa000 	C:\Program Files\Java\jdk-17.0.5\bin\jimage.dll
0x00007fff465d0000 - 0x00007fff467b4000 	C:\WINDOWS\SYSTEM32\DBGHELP.DLL
0x00007fff31f80000 - 0x00007fff31fac000 	C:\WINDOWS\SYSTEM32\dbgcore.DLL
0x00007fff4ca50000 - 0x00007fff4cad2000 	C:\WINDOWS\System32\bcryptPrimitives.dll
0x00007fff43b90000 - 0x00007fff43b9e000 	C:\Program Files\Java\jdk-17.0.5\bin\instrument.dll
0x00007fff2aaf0000 - 0x00007fff2ab15000 	C:\Program Files\Java\jdk-17.0.5\bin\java.dll
0x00007fff109c0000 - 0x00007fff10a96000 	C:\Program Files\Java\jdk-17.0.5\bin\jsvml.dll
0x00007fff4dc10000 - 0x00007fff4e353000 	C:\WINDOWS\System32\SHELL32.dll
0x00007fff4aab0000 - 0x00007fff4b242000 	C:\WINDOWS\SYSTEM32\windows.storage.dll
0x00007fff4ee20000 - 0x00007fff4f174000 	C:\WINDOWS\System32\combase.dll
0x00007fff4c3d0000 - 0x00007fff4c400000 	C:\WINDOWS\SYSTEM32\Wldp.dll
0x00007fff4d660000 - 0x00007fff4d70d000 	C:\WINDOWS\System32\SHCORE.dll
0x00007fff4d520000 - 0x00007fff4d575000 	C:\WINDOWS\System32\shlwapi.dll
0x00007fff4c990000 - 0x00007fff4c9af000 	C:\WINDOWS\SYSTEM32\profapi.dll
0x00007fff22be0000 - 0x00007fff22bf8000 	C:\Program Files\Java\jdk-17.0.5\bin\zip.dll
0x00007fff271f0000 - 0x00007fff27209000 	C:\Program Files\Java\jdk-17.0.5\bin\net.dll
0x00007fff405e0000 - 0x00007fff406ec000 	C:\WINDOWS\SYSTEM32\WINHTTP.dll
0x00007fff4c1b0000 - 0x00007fff4c21a000 	C:\WINDOWS\system32\mswsock.dll
0x00007fff22c00000 - 0x00007fff22c16000 	C:\Program Files\Java\jdk-17.0.5\bin\nio.dll
0x00007fff43b70000 - 0x00007fff43b8a000 	C:\Program Files\JetBrains\IntelliJ IDEA Community Edition 2022.2.3\bin\breakgen64.dll
0x00007fff2aae0000 - 0x00007fff2aaf0000 	C:\Program Files\Java\jdk-17.0.5\bin\verify.dll
0x00007fff271e0000 - 0x00007fff271e9000 	C:\Program Files\Java\jdk-17.0.5\bin\management.dll
0x00007fff22bd0000 - 0x00007fff22bdb000 	C:\Program Files\Java\jdk-17.0.5\bin\management_ext.dll
0x00007fff2f3f0000 - 0x00007fff2f407000 	C:\WINDOWS\system32\napinsp.dll
0x00007fff2aac0000 - 0x00007fff2aadb000 	C:\WINDOWS\system32\pnrpnsp.dll
0x00007fff1ec60000 - 0x00007fff1ec75000 	C:\WINDOWS\system32\wshbth.dll
0x00007fff44fb0000 - 0x00007fff44fcd000 	C:\WINDOWS\system32\NLAapi.dll
0x00007fff4be70000 - 0x00007fff4beab000 	C:\WINDOWS\SYSTEM32\IPHLPAPI.DLL
0x00007fff4beb0000 - 0x00007fff4bf7a000 	C:\WINDOWS\SYSTEM32\DNSAPI.dll
0x00007fff4d3a0000 - 0x00007fff4d3a8000 	C:\WINDOWS\System32\NSI.dll
0x00007fff27380000 - 0x00007fff27392000 	C:\WINDOWS\System32\winrnr.dll
0x00007fff3c250000 - 0x00007fff3c25a000 	C:\Windows\System32\rasadhlp.dll
0x00007fff3e800000 - 0x00007fff3e880000 	C:\WINDOWS\System32\fwpuclnt.dll
0x00007fff4cc40000 - 0x00007fff4cc67000 	C:\WINDOWS\System32\bcrypt.dll
0x00007fff4c410000 - 0x00007fff4c428000 	C:\WINDOWS\SYSTEM32\CRYPTSP.dll
0x00007fff4ba80000 - 0x00007fff4bab4000 	C:\WINDOWS\system32\rsaenh.dll
0x00007fff4c950000 - 0x00007fff4c97e000 	C:\WINDOWS\SYSTEM32\USERENV.dll
0x00007fff4c340000 - 0x00007fff4c34c000 	C:\WINDOWS\SYSTEM32\CRYPTBASE.dll
0x00007fff430b0000 - 0x00007fff430c7000 	C:\WINDOWS\SYSTEM32\dhcpcsvc6.DLL
0x00007fff43140000 - 0x00007fff4315d000 	C:\WINDOWS\SYSTEM32\dhcpcsvc.DLL
0x00007fff22bc0000 - 0x00007fff22bce000 	C:\Program Files\Java\jdk-17.0.5\bin\sunmscapi.dll
0x00007fff4cae0000 - 0x00007fff4cc36000 	C:\WINDOWS\System32\CRYPT32.dll
0x00007fff4c520000 - 0x00007fff4c547000 	C:\WINDOWS\SYSTEM32\ncrypt.dll
0x00007fff4c4e0000 - 0x00007fff4c51b000 	C:\WINDOWS\SYSTEM32\NTASN1.dll
0x00007ffefbc60000 - 0x00007ffefbc67000 	C:\WINDOWS\system32\wshunix.dll

dbghelp: loaded successfully - version: 4.0.5 - missing functions: none
symbol engine: initialized successfully - sym options: 0x614 - pdb path: .;C:\Program Files\Java\jdk-17.0.5\bin;C:\WINDOWS\SYSTEM32;C:\WINDOWS\WinSxS\amd64_microsoft.windows.common-controls_6595b64144ccf1df_6.0.19041.1110_none_60b5254171f9507e;C:\Program Files\Java\jdk-17.0.5\bin\server;C:\Program Files\JetBrains\IntelliJ IDEA Community Edition 2022.2.3\bin

VM Arguments:
jvm_args: -javaagent:C:\Program Files\JetBrains\IntelliJ IDEA Community Edition 2022.2.3\lib\idea_rt.jar=49199:C:\Program Files\JetBrains\IntelliJ IDEA Community Edition 2022.2.3\bin -Dfile.encoding=UTF-8 
java_command: forum.AppKt
java_class_path (initial): C:\Forum\app\build\classes\kotlin\main;C:\Forum\app\build\resources\main;C:\Users\maxbe\.gradle\caches\modules-2\files-2.1\org.jetbrains.kotlin\kotlin-stdlib-jdk8\1.5.31\ff5d99aecd328872494e8921b72bf6e3af97af3e\kotlin-stdlib-jdk8-1.5.31.jar;C:\Users\maxbe\.gradle\caches\modules-2\files-2.1\com.google.guava\guava\30.1.1-jre\87e0fd1df874ea3cbe577702fe6f17068b790fd8\guava-30.1.1-jre.jar;C:\Users\maxbe\.gradle\caches\modules-2\files-2.1\org.jetbrains.exposed\exposed\0.17.14\c18880229d5314b31c27e3f6916c094802226826\exposed-0.17.14.jar;C:\Users\maxbe\.gradle\caches\modules-2\files-2.1\org.postgresql\postgresql\42.5.0\43751d7ec562aeabcb025844345e39c340d732ba\postgresql-42.5.0.jar;C:\Users\maxbe\.gradle\caches\modules-2\files-2.1\org.springframework.boot\spring-boot-starter-web\2.7.5\bb4099d0466a62c3b11ab9323babca13bb430a2e\spring-boot-starter-web-2.7.5.jar;C:\Users\maxbe\.gradle\caches\modules-2\files-2.1\org.springframework\spring-webmvc\5.3.23\b163527c275b0374371890c0b76c2a2a09f9804b\spring-webmvc-5.3.23.jar;C:\Users\maxbe\.gradle\caches\modules-2\files-2.1\org.springframework\spring-web\5.3.23\193f5276092d9cbe3222c63885b47ca7b2cce97\spring-web-5.3.23.jar;C:\Users\maxbe\.gradle\caches\modules-2\files-2.1\org.springframework.security\spring-security-core\5.7.5\5b665c24e15d9729c851cb61fbc2676a674f9a28\spring-security-core-5.7.5.jar;C:\Users\maxbe\.gradle\caches\modules-2\files-2.1\org.jetbrains.kotlin\kotlin-stdlib-jdk7\1.5.31\77e0f2568912e45d26c31fd417a332458508acdf\kotlin-stdlib-jdk7-1.5.31.jar;C:\Users\maxbe\.gradle\caches\modules-2\files-2.1\org.jetbrains.kotlin\kotlin-stdlib\1.5.31\6628d61d0f5603568e72d2d5915d2c034b4f1c55\kotlin-stdlib-1.5.31.jar;C:\Users\maxbe\.gradle\caches\modules-2\files-2.1\com.google.guava\failureaccess\1.0.1\1dcf1de382a0bf95a3d8b0849546c88bac1292c9\failureaccess-1.0.1.jar;C:\Users\maxbe\.gradle\caches\modules-2\files-2.1\com.google.guava\listenablefuture\9999.0-empty-to-avoid-conflict-with-guava\b421526c5f297295adef
Launcher Type: SUN_STANDARD

[Global flags]
     intx CICompilerCount                          = 4                                         {product} {ergonomic}
     uint ConcGCThreads                            = 2                                         {product} {ergonomic}
     uint G1ConcRefinementThreads                  = 8                                         {product} {ergonomic}
   size_t G1HeapRegionSize                         = 1048576                                   {product} {ergonomic}
    uintx GCDrainStackTargetSize                   = 64                                        {product} {ergonomic}
   size_t InitialHeapSize                          = 132120576                                 {product} {ergonomic}
   size_t MarkStackSize                            = 4194304                                   {product} {ergonomic}
   size_t MaxHeapSize                              = 2101346304                                {product} {ergonomic}
   size_t MaxNewSize                               = 1260388352                                {product} {ergonomic}
   size_t MinHeapDeltaBytes                        = 1048576                                   {product} {ergonomic}
   size_t MinHeapSize                              = 8388608                                   {product} {ergonomic}
    uintx NonNMethodCodeHeapSize                   = 5839372                                {pd product} {ergonomic}
    uintx NonProfiledCodeHeapSize                  = 122909434                              {pd product} {ergonomic}
    uintx ProfiledCodeHeapSize                     = 122909434                              {pd product} {ergonomic}
    uintx ReservedCodeCacheSize                    = 251658240                              {pd product} {ergonomic}
     bool SegmentedCodeCache                       = true                                      {product} {ergonomic}
   size_t SoftMaxHeapSize                          = 2101346304                             {manageable} {ergonomic}
     bool UseCompressedClassPointers               = true                           {product lp64_product} {ergonomic}
     bool UseCompressedOops                        = true                           {product lp64_product} {ergonomic}
     bool UseG1GC                                  = true                                      {product} {ergonomic}
     bool UseLargePagesIndividualAllocation        = false                                  {pd product} {ergonomic}

Logging:
Log output configuration:
 #0: stdout all=warning uptime,level,tags
 #1: stderr all=off uptime,level,tags

Environment Variables:
PATH=C:\Program Files\Common Files\Oracle\Java\javapath;C:\WINDOWS\system32;C:\WINDOWS;C:\WINDOWS\System32\Wbem;C:\WINDOWS\System32\WindowsPowerShell\v1.0\;C:\WINDOWS\System32\OpenSSH\;C:\Program Files\Docker\Docker\resources\bin;C:\Gradle\gradle-7.3.3\bin;C:\Program Files\nodejs\;C:\Users\maxbe\AppData\Local\Microsoft\WindowsApps;;C:\Program Files\JetBrains\PyCharm Community Edition 2022.2.3\bin;;C:\Program Files\JetBrains\IntelliJ IDEA Community Edition 2022.2.3\bin;;C:\Users\maxbe\AppData\Local\Programs\Microsoft VS Code\bin;C:\Users\maxbe\AppData\Roaming\npm
USERNAME=maxbe
OS=Windows_NT
PROCESSOR_IDENTIFIER=Intel64 Family 6 Model 142 Stepping 12, GenuineIntel



---------------  S Y S T E M  ---------------

OS:
 Windows 10 , 64 bit Build 19041 (10.0.19041.2251)
OS uptime: 0 days 0:40 hours
Hyper-V role detected

CPU: total 8 (initial active 8) (4 cores per cpu, 2 threads per core) family 6 model 142 stepping 12 microcode 0xca, cx8, cmov, fxsr, ht, mmx, 3dnowpref, sse, sse2, sse3, ssse3, sse4.1, sse4.2, popcnt, lzcnt, tsc, tscinvbit, avx, avx2, aes, erms, clmul, bmi1, bmi2, adx, fma, vzeroupper, clflush, clflushopt, hv

Memory: 4k page, system-wide physical 8013M (121M free)
TotalPageFile size 32589M (AvailPageFile size 1M)
current process WorkingSet (physical memory assigned to process): 364M, peak: 366M
current process commit charge ("private bytes"): 401M, peak: 403M

vm_info: Java HotSpot(TM) 64-Bit Server VM (17.0.5+9-LTS-191) for windows-amd64 JRE (17.0.5+9-LTS-191), built on Sep 13 2022 17:31:43 by "mach5one" with MS VC++ 16.8 / 16.9 (VS2019)

END.
